<?xml version="1.0" encoding="UTF-8"?>
<robot generator="Robot 7.4.2 (Python 3.14.0 on win32)" generated="2026-05-16T18:38:23.552676" rpa="false" schemaversion="5">
<suite id="s1" name="Projeto-Ecm" source="C:\Users\LucasCarvalho\Documents\Projects\projeto-ecm">
<suite id="s1-s1" name="MyFirstTest" source="C:\Users\LucasCarvalho\Documents\Projects\projeto-ecm\MyFirstTest.robot">
<test id="s1-s1-t1" name="Create A Random String" line="5">
<kw name="Log To Console" owner="BuiltIn">
<arg>We are going to generate a random string</arg>
<doc>Logs the given message to the console.</doc>
<status status="PASS" start="2026-05-16T18:38:23.654497" elapsed="0.000522"/>
</kw>
<kw name="Generate Random String" owner="String">
<arg>10</arg>
<doc>Generates a string with a desired ``length`` from the given ``chars``.</doc>
<status status="PASS" start="2026-05-16T18:38:23.655398" elapsed="0.000378"/>
</kw>
<kw name="Log To Console" owner="BuiltIn">
<arg>We finished generating a random string</arg>
<doc>Logs the given message to the console.</doc>
<status status="PASS" start="2026-05-16T18:38:23.655959" elapsed="0.000387"/>
</kw>
<status status="PASS" start="2026-05-16T18:38:23.651592" elapsed="0.004941"/>
</test>
<status status="PASS" start="2026-05-16T18:38:23.639300" elapsed="0.021865"/>
</suite>
<status status="PASS" start="2026-05-16T18:38:23.556986" elapsed="0.106816"/>
</suite>
<statistics>
<total>
<stat pass="1" fail="0" skip="0">All Tests</stat>
</total>
<tag>
</tag>
<suite>
<stat name="Projeto-Ecm" id="s1" pass="1" fail="0" skip="0">Projeto-Ecm</stat>
<stat name="MyFirstTest" id="s1-s1" pass="1" fail="0" skip="0">Projeto-Ecm.MyFirstTest</stat>
</suite>
</statistics>
<errors>
</errors>
</robot>
