<?xml version="1.0" encoding="UTF-8"?>
<robot generator="Robot 7.4.2 (Python 3.14.0 on win32)" generated="2026-05-17T20:43:15.165954" rpa="false" schemaversion="5">
<suite id="s1" name="Tests" source="C:\Users\LucasCarvalho\Documents\Projects\ecm-qa-automation\tests">
<suite id="s1-s1" name="Auth" source="C:\Users\LucasCarvalho\Documents\Projects\ecm-qa-automation\tests\auth.robot">
<test id="s1-s1-t1" name="CT01 — Usuário deve acessar a página inicial com sucesso" line="7">
<kw name="Dado que o usuário acessa a aplicação" owner="flows">
<kw name="Abrir Aplicação Na Home" owner="setup">
<kw name="Abrir Navegador" owner="common">
<kw name="New Browser" owner="Browser">
<msg time="2026-05-17T20:43:15.501747" level="INFO">{"browser": "chromium", "headless": true, "chromiumSandbox": false, "devtools": false, "handleSIGHUP": true, "handleSIGINT": true, "handleSIGTERM": true, "slowMo": 0.0, "timeout": 30000.0, "tracesDir": "C:\\Users\\LucasCarvalho\\Documents\\Projects\\ecm-qa-automation\\results\\browser\\traces\\temp\\1eb34c6b-18ea-4a12-a890-187a7329dbf4"}</msg>
<msg time="2026-05-17T20:43:15.541271" level="INFO">Starting Browser process C:\Users\LucasCarvalho\AppData\Local\Programs\Python\Python314\Lib\site-packages\Browser\wrapper\index.js using at 127.0.0.1:53304</msg>
<msg time="2026-05-17T20:43:17.239696" level="INFO">Successfully created browser with options: {"browser":"chromium","headless":true,"chromiumSandbox":false,"devtools":false,"handleSIGHUP":true,"handleSIGINT":true,"handleSIGTERM":true,"slowMo":0,"timeout":30000,"tracesDir":"C:\\Users\\LucasCarvalho\\Documents\\Projects\\ecm-qa-automation\\results\\browser\\traces\\temp\\1eb34c6b-18ea-4a12-a890-187a7329dbf4"}</msg>
<arg>chromium</arg>
<arg>headless=${HEADLESS}</arg>
<tag>BrowserControl</tag>
<tag>Setter</tag>
<doc>Create a new playwright Browser with specified options.</doc>
<status status="PASS" start="2026-05-17T20:43:15.501119" elapsed="1.738753"/>
</kw>
<status status="PASS" start="2026-05-17T20:43:15.500676" elapsed="1.739473"/>
</kw>
<kw name="Acessar URL" owner="common">
<kw name="New Page" owner="Browser">
<msg time="2026-05-17T20:43:17.511021" level="INFO">Successfully initialized new page object and opened url: http://localhost:8080</msg>
<msg time="2026-05-17T20:43:17.511110" level="INFO">No context was open. New context was automatically opened when this page is created.</msg>
<arg>${url}</arg>
<tag>BrowserControl</tag>
<tag>Setter</tag>
<doc>Open a new Page.</doc>
<status status="PASS" start="2026-05-17T20:43:17.240709" elapsed="0.270537"/>
</kw>
<arg>${BASE_URL}</arg>
<status status="PASS" start="2026-05-17T20:43:17.240342" elapsed="0.271021"/>
</kw>
<status status="PASS" start="2026-05-17T20:43:15.500455" elapsed="2.010958"/>
</kw>
<status status="PASS" start="2026-05-17T20:43:15.500097" elapsed="2.011356"/>
</kw>
<kw name="Então a página inicial deve ser carregada corretamente" owner="flows">
<kw name="Verificar Página Inicial Carregada" owner="home">
<kw name="Wait For Elements State" owner="Browser">
<msg time="2026-05-17T20:43:17.537608" level="INFO">Waited for Element with selector text="ECM Marketplace - QA Automation Test" at state visible</msg>
<arg>text="ECM Marketplace - QA Automation Test"</arg>
<arg>visible</arg>
<tag>PageContent</tag>
<tag>Wait</tag>
<doc>Waits for the element found by ``selector`` to satisfy state option.</doc>
<status status="PASS" start="2026-05-17T20:43:17.512319" elapsed="0.025441"/>
</kw>
<status status="PASS" start="2026-05-17T20:43:17.512126" elapsed="0.025738"/>
</kw>
<status status="PASS" start="2026-05-17T20:43:17.511817" elapsed="0.026088"/>
</kw>
<kw name="E navega para a página de login" owner="flows">
<kw name="Navegar Para Login" owner="home">
<kw name="Click" owner="Browser">
<msg time="2026-05-17T20:43:17.539276" level="INFO">Clicks the element 'id=nav-login'.</msg>
<arg>id=nav-login</arg>
<tag>PageContent</tag>
<tag>Setter</tag>
<doc>Simulates mouse click on the element found by ``selector``.</doc>
<status status="PASS" start="2026-05-17T20:43:17.538884" elapsed="0.044373"/>
</kw>
<status status="PASS" start="2026-05-17T20:43:17.538659" elapsed="0.044717"/>
</kw>
<kw name="Verificar Página Login Carregada" owner="login">
<kw name="Wait For Elements State" owner="Browser">
<msg time="2026-05-17T20:43:17.599390" level="INFO">Waited for Element with selector text="Login - ECM Marketplace" at state visible</msg>
<arg>text="Login - ECM Marketplace"</arg>
<arg>visible</arg>
<tag>PageContent</tag>
<tag>Wait</tag>
<doc>Waits for the element found by ``selector`` to satisfy state option.</doc>
<status status="PASS" start="2026-05-17T20:43:17.583834" elapsed="0.015709"/>
</kw>
<status status="PASS" start="2026-05-17T20:43:17.583536" elapsed="0.016106"/>
</kw>
<status status="PASS" start="2026-05-17T20:43:17.538300" elapsed="0.061379"/>
</kw>
<msg time="2026-05-17T20:43:17.610737" level="INFO">Switching context to context=30ac2a14-506c-408f-b4f0-c136e8d1a708 in CURRENT</msg>
<msg time="2026-05-17T20:43:17.615027" level="INFO">Successfully changed active context: context=30ac2a14-506c-408f-b4f0-c136e8d1a708</msg>
<msg time="2026-05-17T20:43:17.626163" level="INFO">Successfully closed Context</msg>
<doc>Tipo: Teste de Aceitação
Objetivo: Validar que o usuário consegue acessar a home e navegar para login</doc>
<status status="PASS" start="2026-05-17T20:43:15.498868" elapsed="2.101104"/>
</test>
<test id="s1-s1-t2" name="CT02 — Usuário deve realizar login com credenciais válidas" line="18">
<kw name="Dado que o usuário acessa a aplicação" owner="flows">
<kw name="Abrir Aplicação Na Home" owner="setup">
<kw name="Abrir Navegador" owner="common">
<kw name="New Browser" owner="Browser">
<msg time="2026-05-17T20:43:17.630680" level="INFO">Switching browser to browser=30ca58ef-3a32-40b8-a095-679334dfe096</msg>
<msg time="2026-05-17T20:43:17.631992" level="INFO">Successfully changed active browser: browser=30ca58ef-3a32-40b8-a095-679334dfe096</msg>
<msg time="2026-05-17T20:43:17.632042" level="INFO">Reusing existing browser with id: browser=30ca58ef-3a32-40b8-a095-679334dfe096</msg>
<arg>chromium</arg>
<arg>headless=${HEADLESS}</arg>
<tag>BrowserControl</tag>
<tag>Setter</tag>
<doc>Create a new playwright Browser with specified options.</doc>
<status status="PASS" start="2026-05-17T20:43:17.630258" elapsed="0.001823"/>
</kw>
<status status="PASS" start="2026-05-17T20:43:17.630081" elapsed="0.002066"/>
</kw>
<kw name="Acessar URL" owner="common">
<kw name="New Page" owner="Browser">
<msg time="2026-05-17T20:43:17.711009" level="INFO">Successfully initialized new page object and opened url: http://localhost:8080</msg>
<msg time="2026-05-17T20:43:17.711106" level="INFO">No context was open. New context was automatically opened when this page is created.</msg>
<arg>${url}</arg>
<tag>BrowserControl</tag>
<tag>Setter</tag>
<doc>Open a new Page.</doc>
<status status="PASS" start="2026-05-17T20:43:17.632468" elapsed="0.078778"/>
</kw>
<arg>${BASE_URL}</arg>
<status status="PASS" start="2026-05-17T20:43:17.632243" elapsed="0.079126"/>
</kw>
<status status="PASS" start="2026-05-17T20:43:17.629896" elapsed="0.081527"/>
</kw>
<status status="PASS" start="2026-05-17T20:43:17.629607" elapsed="0.081859"/>
</kw>
<kw name="E navega para a página de login" owner="flows">
<kw name="Navegar Para Login" owner="home">
<kw name="Click" owner="Browser">
<msg time="2026-05-17T20:43:17.712918" level="INFO">Clicks the element 'id=nav-login'.</msg>
<arg>id=nav-login</arg>
<tag>PageContent</tag>
<tag>Setter</tag>
<doc>Simulates mouse click on the element found by ``selector``.</doc>
<status status="PASS" start="2026-05-17T20:43:17.712470" elapsed="0.073916"/>
</kw>
<status status="PASS" start="2026-05-17T20:43:17.712193" elapsed="0.074359"/>
</kw>
<kw name="Verificar Página Login Carregada" owner="login">
<kw name="Wait For Elements State" owner="Browser">
<msg time="2026-05-17T20:43:17.808286" level="INFO">Waited for Element with selector text="Login - ECM Marketplace" at state visible</msg>
<arg>text="Login - ECM Marketplace"</arg>
<arg>visible</arg>
<tag>PageContent</tag>
<tag>Wait</tag>
<doc>Waits for the element found by ``selector`` to satisfy state option.</doc>
<status status="PASS" start="2026-05-17T20:43:17.787223" elapsed="0.021219"/>
</kw>
<status status="PASS" start="2026-05-17T20:43:17.786780" elapsed="0.021809"/>
</kw>
<status status="PASS" start="2026-05-17T20:43:17.711837" elapsed="0.096791"/>
</kw>
<kw name="Quando o usuário realiza login com credenciais válidas" owner="flows">
<kw name="Preencher Campo Usuario" owner="login">
<kw name="Fill Text" owner="Browser">
<msg time="2026-05-17T20:43:17.810740" level="INFO">Fills the text 'valid_user' in the given field.</msg>
<arg>id=username</arg>
<arg>${usuario}</arg>
<tag>PageContent</tag>
<tag>Setter</tag>
<doc>Clears and fills the given ``txt`` into the text field found by ``selector``.</doc>
<status status="PASS" start="2026-05-17T20:43:17.810067" elapsed="0.012057"/>
</kw>
<arg>${USER_VALIDO}</arg>
<status status="PASS" start="2026-05-17T20:43:17.809646" elapsed="0.012622"/>
</kw>
<kw name="Preencher Campo Senha" owner="login">
<kw name="Fill Text" owner="Browser">
<msg time="2026-05-17T20:43:17.823341" level="INFO">Fills the text 'secret123' in the given field.</msg>
<arg>id=password</arg>
<arg>${senha}</arg>
<tag>PageContent</tag>
<tag>Setter</tag>
<doc>Clears and fills the given ``txt`` into the text field found by ``selector``.</doc>
<status status="PASS" start="2026-05-17T20:43:17.822873" elapsed="0.008964"/>
</kw>
<arg>${SENHA_VALIDA}</arg>
<status status="PASS" start="2026-05-17T20:43:17.822471" elapsed="0.009491"/>
</kw>
<kw name="Clicar no Botao Login" owner="login">
<kw name="Click" owner="Browser">
<msg time="2026-05-17T20:43:17.832848" level="INFO">Clicks the element 'id=btnLogin'.</msg>
<arg>id=btnLogin</arg>
<tag>PageContent</tag>
<tag>Setter</tag>
<doc>Simulates mouse click on the element found by ``selector``.</doc>
<status status="PASS" start="2026-05-17T20:43:17.832458" elapsed="0.043195"/>
</kw>
<status status="PASS" start="2026-05-17T20:43:17.832136" elapsed="0.043734"/>
</kw>
<status status="PASS" start="2026-05-17T20:43:17.809120" elapsed="0.066837"/>
</kw>
<kw name="Então o login deve ser realizado com sucesso" owner="flows">
<kw name="Validar Status do Login" owner="login">
<kw name="Wait For Elements State" owner="Browser">
<msg time="2026-05-17T20:43:17.885855" level="INFO">Waited for Element with selector id=msg at state attached</msg>
<arg>id=msg</arg>
<arg>attached</arg>
<tag>PageContent</tag>
<tag>Wait</tag>
<doc>Waits for the element found by ``selector`` to satisfy state option.</doc>
<status status="PASS" start="2026-05-17T20:43:17.877681" elapsed="0.008382"/>
</kw>
<kw name="Wait For Function" owner="Browser">
<msg time="2026-05-17T20:43:18.487616" level="INFO">Wait For Function completed successfully.</msg>
<arg>document.getElementById('msg').className === "${status_esperado}"</arg>
<tag>PageContent</tag>
<tag>Wait</tag>
<doc>Polls JavaScript expression or function in browser until it returns a (JavaScript) truthy value.</doc>
<status status="PASS" start="2026-05-17T20:43:17.886358" elapsed="0.601411"/>
</kw>
<kw name="Get Attribute" owner="Browser">
<msg time="2026-05-17T20:43:18.498375" level="INFO">Attribute is: 'success'</msg>
<msg time="2026-05-17T20:43:18.498533" level="INFO">${class_value} = success</msg>
<var>${class_value}</var>
<arg>id=msg</arg>
<arg>class</arg>
<tag>Assertion</tag>
<tag>Getter</tag>
<tag>PageContent</tag>
<doc>Returns the HTML ``attribute`` of the element found by ``selector``.</doc>
<status status="PASS" start="2026-05-17T20:43:18.487945" elapsed="0.010613"/>
</kw>
<kw name="Should Be Equal" owner="BuiltIn">
<arg>${class_value}</arg>
<arg>${status_esperado}</arg>
<doc>Fails if the given objects are unequal.</doc>
<status status="PASS" start="2026-05-17T20:43:18.498746" elapsed="0.000419"/>
</kw>
<arg>success</arg>
<status status="PASS" start="2026-05-17T20:43:17.877211" elapsed="0.622022"/>
</kw>
<status status="PASS" start="2026-05-17T20:43:17.876577" elapsed="0.622702"/>
</kw>
<kw name="E deve ser redirecionado para a página de produtos" owner="flows">
<kw name="Verificar Página Produtos Carregada" owner="products">
<kw name="Wait For Elements State" owner="Browser">
<msg time="2026-05-17T20:43:19.875723" level="INFO">Waited for Element with selector text="Products - ECM Marketplace" at state visible</msg>
<arg>text="Products - ECM Marketplace"</arg>
<arg>visible</arg>
<tag>PageContent</tag>
<tag>Wait</tag>
<doc>Waits for the element found by ``selector`` to satisfy state option.</doc>
<status status="PASS" start="2026-05-17T20:43:18.501993" elapsed="1.373878"/>
</kw>
<status status="PASS" start="2026-05-17T20:43:18.500298" elapsed="1.375672"/>
</kw>
<status status="PASS" start="2026-05-17T20:43:18.499990" elapsed="1.376018"/>
</kw>
<kw name="E o usuário está autenticado" owner="flows">
<kw name="Validar Estado De Autenticação" owner="common">
<kw name="Obter Estado De Autenticação" owner="common">
<kw name="Evaluate JavaScript" owner="Browser">
<msg time="2026-05-17T20:43:19.893278" level="INFO">JavaScript executed successfully.</msg>
<msg time="2026-05-17T20:43:19.893497" level="INFO">${auth_value} = true</msg>
<var>${auth_value}</var>
<arg>css=body</arg>
<arg>() =&gt; localStorage.getItem('auth')</arg>
<tag>Getter</tag>
<tag>PageContent</tag>
<tag>Setter</tag>
<doc>Executes given javascript on the selected element(s) or on page.</doc>
<status status="PASS" start="2026-05-17T20:43:19.877305" elapsed="0.016213"/>
</kw>
<return>
<value>${auth_value}</value>
<status status="PASS" start="2026-05-17T20:43:19.893614" elapsed="0.000389"/>
</return>
<msg time="2026-05-17T20:43:19.894172" level="INFO">${auth_value} = true</msg>
<var>${auth_value}</var>
<status status="PASS" start="2026-05-17T20:43:19.877104" elapsed="0.017086"/>
</kw>
<kw name="Should Be Equal" owner="BuiltIn">
<arg>${auth_value}</arg>
<arg>${estado_esperado}</arg>
<doc>Fails if the given objects are unequal.</doc>
<status status="PASS" start="2026-05-17T20:43:19.894311" elapsed="0.000672"/>
</kw>
<arg>true</arg>
<status status="PASS" start="2026-05-17T20:43:19.876872" elapsed="0.018172"/>
</kw>
<status status="PASS" start="2026-05-17T20:43:19.876542" elapsed="0.018538"/>
</kw>
<msg time="2026-05-17T20:43:19.906130" level="INFO">Switching context to context=f0d76ce7-40da-4c20-8bfb-0520f266883b in CURRENT</msg>
<msg time="2026-05-17T20:43:19.911814" level="INFO">Successfully changed active context: context=f0d76ce7-40da-4c20-8bfb-0520f266883b</msg>
<msg time="2026-05-17T20:43:19.917392" level="INFO">Successfully closed Context</msg>
<doc>Tipo: Teste de Aceitação - Happy Path
Objetivo: Validar que o usuário consegue se autenticar com credenciais válidas</doc>
<status status="PASS" start="2026-05-17T20:43:17.626744" elapsed="2.268836"/>
</test>
<test id="s1-s1-t3" name="CT03 — Usuário não deve realizar login com credenciais inválidas" line="33">
<kw name="Dado que o usuário acessa a aplicação" owner="flows">
<kw name="Abrir Aplicação Na Home" owner="setup">
<kw name="Abrir Navegador" owner="common">
<kw name="New Browser" owner="Browser">
<msg time="2026-05-17T20:43:19.923962" level="INFO">Switching browser to browser=30ca58ef-3a32-40b8-a095-679334dfe096</msg>
<msg time="2026-05-17T20:43:19.924946" level="INFO">Successfully changed active browser: browser=30ca58ef-3a32-40b8-a095-679334dfe096</msg>
<msg time="2026-05-17T20:43:19.925021" level="INFO">Reusing existing browser with id: browser=30ca58ef-3a32-40b8-a095-679334dfe096</msg>
<arg>chromium</arg>
<arg>headless=${HEADLESS}</arg>
<tag>BrowserControl</tag>
<tag>Setter</tag>
<doc>Create a new playwright Browser with specified options.</doc>
<status status="PASS" start="2026-05-17T20:43:19.923554" elapsed="0.001509"/>
</kw>
<status status="PASS" start="2026-05-17T20:43:19.923388" elapsed="0.001742"/>
</kw>
<kw name="Acessar URL" owner="common">
<kw name="New Page" owner="Browser">
<msg time="2026-05-17T20:43:20.009593" level="INFO">Successfully initialized new page object and opened url: http://localhost:8080</msg>
<msg time="2026-05-17T20:43:20.009696" level="INFO">No context was open. New context was automatically opened when this page is created.</msg>
<arg>${url}</arg>
<tag>BrowserControl</tag>
<tag>Setter</tag>
<doc>Open a new Page.</doc>
<status status="PASS" start="2026-05-17T20:43:19.925451" elapsed="0.084361"/>
</kw>
<arg>${BASE_URL}</arg>
<status status="PASS" start="2026-05-17T20:43:19.925226" elapsed="0.084688"/>
</kw>
<status status="PASS" start="2026-05-17T20:43:19.923205" elapsed="0.086750"/>
</kw>
<status status="PASS" start="2026-05-17T20:43:19.922865" elapsed="0.087123"/>
</kw>
<kw name="E navega para a página de login" owner="flows">
<kw name="Navegar Para Login" owner="home">
<kw name="Click" owner="Browser">
<msg time="2026-05-17T20:43:20.011335" level="INFO">Clicks the element 'id=nav-login'.</msg>
<arg>id=nav-login</arg>
<tag>PageContent</tag>
<tag>Setter</tag>
<doc>Simulates mouse click on the element found by ``selector``.</doc>
<status status="PASS" start="2026-05-17T20:43:20.010975" elapsed="0.074431"/>
</kw>
<status status="PASS" start="2026-05-17T20:43:20.010764" elapsed="0.074851"/>
</kw>
<kw name="Verificar Página Login Carregada" owner="login">
<kw name="Wait For Elements State" owner="Browser">
<msg time="2026-05-17T20:43:20.104802" level="INFO">Waited for Element with selector text="Login - ECM Marketplace" at state visible</msg>
<arg>text="Login - ECM Marketplace"</arg>
<arg>visible</arg>
<tag>PageContent</tag>
<tag>Wait</tag>
<doc>Waits for the element found by ``selector`` to satisfy state option.</doc>
<status status="PASS" start="2026-05-17T20:43:20.086444" elapsed="0.018551"/>
</kw>
<status status="PASS" start="2026-05-17T20:43:20.085897" elapsed="0.019228"/>
</kw>
<status status="PASS" start="2026-05-17T20:43:20.010431" elapsed="0.094750"/>
</kw>
<kw name="Quando o usuário realiza login com credenciais inválidas" owner="flows">
<kw name="Preencher Campo Usuario" owner="login">
<kw name="Fill Text" owner="Browser">
<msg time="2026-05-17T20:43:20.107216" level="INFO">Fills the text 'valid_user' in the given field.</msg>
<arg>id=username</arg>
<arg>${usuario}</arg>
<tag>PageContent</tag>
<tag>Setter</tag>
<doc>Clears and fills the given ``txt`` into the text field found by ``selector``.</doc>
<status status="PASS" start="2026-05-17T20:43:20.106537" elapsed="0.013442"/>
</kw>
<arg>${USER_VALIDO}</arg>
<status status="PASS" start="2026-05-17T20:43:20.106146" elapsed="0.014655"/>
</kw>
<kw name="Preencher Campo Senha" owner="login">
<kw name="Fill Text" owner="Browser">
<msg time="2026-05-17T20:43:20.122177" level="INFO">Fills the text 'ffqwefqw12321' in the given field.</msg>
<arg>id=password</arg>
<arg>${senha}</arg>
<tag>PageContent</tag>
<tag>Setter</tag>
<doc>Clears and fills the given ``txt`` into the text field found by ``selector``.</doc>
<status status="PASS" start="2026-05-17T20:43:20.121598" elapsed="0.008969"/>
</kw>
<arg>${SENHA_INVALIDA}</arg>
<status status="PASS" start="2026-05-17T20:43:20.121134" elapsed="0.009578"/>
</kw>
<kw name="Clicar no Botao Login" owner="login">
<kw name="Click" owner="Browser">
<msg time="2026-05-17T20:43:20.131683" level="INFO">Clicks the element 'id=btnLogin'.</msg>
<arg>id=btnLogin</arg>
<tag>PageContent</tag>
<tag>Setter</tag>
<doc>Simulates mouse click on the element found by ``selector``.</doc>
<status status="PASS" start="2026-05-17T20:43:20.131256" elapsed="0.045825"/>
</kw>
<status status="PASS" start="2026-05-17T20:43:20.130898" elapsed="0.046404"/>
</kw>
<status status="PASS" start="2026-05-17T20:43:20.105648" elapsed="0.071746"/>
</kw>
<kw name="Então o login deve falhar" owner="flows">
<kw name="Validar Status do Login" owner="login">
<kw name="Wait For Elements State" owner="Browser">
<msg time="2026-05-17T20:43:20.186364" level="INFO">Waited for Element with selector id=msg at state attached</msg>
<arg>id=msg</arg>
<arg>attached</arg>
<tag>PageContent</tag>
<tag>Wait</tag>
<doc>Waits for the element found by ``selector`` to satisfy state option.</doc>
<status status="PASS" start="2026-05-17T20:43:20.179049" elapsed="0.007552"/>
</kw>
<kw name="Wait For Function" owner="Browser">
<msg time="2026-05-17T20:43:20.799342" level="INFO">Wait For Function completed successfully.</msg>
<arg>document.getElementById('msg').className === "${status_esperado}"</arg>
<tag>PageContent</tag>
<tag>Wait</tag>
<doc>Polls JavaScript expression or function in browser until it returns a (JavaScript) truthy value.</doc>
<status status="PASS" start="2026-05-17T20:43:20.186915" elapsed="0.612654"/>
</kw>
<kw name="Get Attribute" owner="Browser">
<msg time="2026-05-17T20:43:20.814070" level="INFO">Attribute is: 'error'</msg>
<msg time="2026-05-17T20:43:20.814306" level="INFO">${class_value} = error</msg>
<var>${class_value}</var>
<arg>id=msg</arg>
<arg>class</arg>
<tag>Assertion</tag>
<tag>Getter</tag>
<tag>PageContent</tag>
<doc>Returns the HTML ``attribute`` of the element found by ``selector``.</doc>
<status status="PASS" start="2026-05-17T20:43:20.800006" elapsed="0.014344"/>
</kw>
<kw name="Should Be Equal" owner="BuiltIn">
<arg>${class_value}</arg>
<arg>${status_esperado}</arg>
<doc>Fails if the given objects are unequal.</doc>
<status status="PASS" start="2026-05-17T20:43:20.814641" elapsed="0.000673"/>
</kw>
<arg>error</arg>
<status status="PASS" start="2026-05-17T20:43:20.178601" elapsed="0.636852"/>
</kw>
<status status="PASS" start="2026-05-17T20:43:20.177996" elapsed="0.637536"/>
</kw>
<kw name="E o usuário não deve ser redirecionado" owner="flows">
<kw name="Não Deve Estar Na Página De Produtos" owner="products">
<kw name="Get Url" owner="Browser">
<msg time="2026-05-17T20:43:20.820646" level="INFO">${url} = http://localhost:8080/login.html</msg>
<var>${url}</var>
<tag>Assertion</tag>
<tag>Getter</tag>
<tag>PageContent</tag>
<doc>Returns the current URL.</doc>
<status status="PASS" start="2026-05-17T20:43:20.817059" elapsed="0.003670"/>
</kw>
<kw name="Should Not Contain" owner="BuiltIn">
<arg>${url}</arg>
<arg>products</arg>
<doc>Fails if ``container`` contains ``item`` one or more times.</doc>
<status status="PASS" start="2026-05-17T20:43:20.821068" elapsed="0.000908"/>
</kw>
<status status="PASS" start="2026-05-17T20:43:20.816577" elapsed="0.005524"/>
</kw>
<status status="PASS" start="2026-05-17T20:43:20.816038" elapsed="0.006137"/>
</kw>
<kw name="E o usuário não está autenticado" owner="flows">
<kw name="Validar Estado De Autenticação" owner="common">
<kw name="Obter Estado De Autenticação" owner="common">
<kw name="Evaluate JavaScript" owner="Browser">
<msg time="2026-05-17T20:43:20.839050" level="INFO">JavaScript executed successfully.</msg>
<msg time="2026-05-17T20:43:20.839453" level="INFO">${auth_value} = None</msg>
<var>${auth_value}</var>
<arg>css=body</arg>
<arg>() =&gt; localStorage.getItem('auth')</arg>
<tag>Getter</tag>
<tag>PageContent</tag>
<tag>Setter</tag>
<doc>Executes given javascript on the selected element(s) or on page.</doc>
<status status="PASS" start="2026-05-17T20:43:20.823867" elapsed="0.015643"/>
</kw>
<return>
<value>${auth_value}</value>
<status status="PASS" start="2026-05-17T20:43:20.839702" elapsed="0.000285"/>
</return>
<msg time="2026-05-17T20:43:20.840316" level="INFO">${auth_value} = None</msg>
<var>${auth_value}</var>
<status status="PASS" start="2026-05-17T20:43:20.823542" elapsed="0.016826"/>
</kw>
<kw name="Should Be Equal" owner="BuiltIn">
<arg>${auth_value}</arg>
<arg>${estado_esperado}</arg>
<doc>Fails if the given objects are unequal.</doc>
<status status="PASS" start="2026-05-17T20:43:20.840630" elapsed="0.000804"/>
</kw>
<arg>${None}</arg>
<status status="PASS" start="2026-05-17T20:43:20.823075" elapsed="0.018499"/>
</kw>
<status status="PASS" start="2026-05-17T20:43:20.822571" elapsed="0.019107"/>
</kw>
<msg time="2026-05-17T20:43:20.853497" level="INFO">Switching context to context=14e883f1-8647-4d4d-a0c4-813b58adbf3d in CURRENT</msg>
<msg time="2026-05-17T20:43:20.859708" level="INFO">Successfully changed active context: context=14e883f1-8647-4d4d-a0c4-813b58adbf3d</msg>
<msg time="2026-05-17T20:43:20.864613" level="INFO">Successfully closed Context</msg>
<doc>Tipo: Teste de Aceitação - Negativo
Objetivo: Validar que o sistema impede autenticação com credenciais inválidas</doc>
<status status="PASS" start="2026-05-17T20:43:19.919078" elapsed="0.922982"/>
</test>
<status status="PASS" start="2026-05-17T20:43:15.215184" elapsed="5.650202"/>
</suite>
<status status="PASS" start="2026-05-17T20:43:15.167207" elapsed="5.704659"/>
</suite>
<statistics>
<total>
<stat pass="3" fail="0" skip="0">All Tests</stat>
</total>
<tag>
</tag>
<suite>
<stat name="Tests" id="s1" pass="3" fail="0" skip="0">Tests</stat>
<stat name="Auth" id="s1-s1" pass="3" fail="0" skip="0">Tests.Auth</stat>
</suite>
</statistics>
<errors>
</errors>
</robot>
